#! /usr/bin/vvp
:ivl_version "11.0 (stable)";
:ivl_delay_selection "TYPICAL";
:vpi_time_precision + 0;
:vpi_module "/usr/lib/x86_64-linux-gnu/ivl/system.vpi";
:vpi_module "/usr/lib/x86_64-linux-gnu/ivl/vhdl_sys.vpi";
:vpi_module "/usr/lib/x86_64-linux-gnu/ivl/vhdl_textio.vpi";
:vpi_module "/usr/lib/x86_64-linux-gnu/ivl/v2005_math.vpi";
:vpi_module "/usr/lib/x86_64-linux-gnu/ivl/va_math.vpi";
S_0x56470bdc33c0 .scope module, "lfsr_tb" "lfsr_tb" 2 1;
 .timescale 0 0;
v0x56470bdd7290_0 .var "clk", 0 0;
v0x56470bdd7330_0 .net "lfsr_o", 3 0, L_0x56470bdd7a20;  1 drivers
v0x56470bdd7400_0 .var "reset", 0 0;
S_0x56470bdc3550 .scope module, "u_lfsr0" "lfsr" 2 8, 3 1 0, S_0x56470bdc33c0;
 .timescale 0 0;
    .port_info 0 /INPUT 1 "clk";
    .port_info 1 /INPUT 1 "reset";
    .port_info 2 /OUTPUT 4 "lfsr_o";
L_0x56470bdd7770 .functor XOR 1, L_0x56470bdd7600, L_0x56470bdd76d0, C4<0>, C4<0>;
L_0x56470bdd7a20 .functor BUFZ 4, v0x56470bdd6eb0_0, C4<0000>, C4<0000>, C4<0000>;
v0x56470bdb07d0_0 .net *"_ivl_1", 2 0, L_0x56470bdd7500;  1 drivers
v0x56470bdd6b20_0 .net *"_ivl_3", 0 0, L_0x56470bdd7600;  1 drivers
v0x56470bdd6c00_0 .net *"_ivl_5", 0 0, L_0x56470bdd76d0;  1 drivers
v0x56470bdd6cc0_0 .net *"_ivl_6", 0 0, L_0x56470bdd7770;  1 drivers
v0x56470bdd6da0_0 .net "clk", 0 0, v0x56470bdd7290_0;  1 drivers
v0x56470bdd6eb0_0 .var "lfsr_ff", 3 0;
v0x56470bdd6f90_0 .net "lfsr_o", 3 0, L_0x56470bdd7a20;  alias, 1 drivers
v0x56470bdd7070_0 .net "nxt_lfsr", 3 0, L_0x56470bdd78b0;  1 drivers
v0x56470bdd7150_0 .net "reset", 0 0, v0x56470bdd7400_0;  1 drivers
E_0x56470bdc4070 .event posedge, v0x56470bdd7150_0, v0x56470bdd6da0_0;
L_0x56470bdd7500 .part v0x56470bdd6eb0_0, 0, 3;
L_0x56470bdd7600 .part v0x56470bdd6eb0_0, 1, 1;
L_0x56470bdd76d0 .part v0x56470bdd6eb0_0, 3, 1;
L_0x56470bdd78b0 .concat [ 1 3 0 0], L_0x56470bdd7770, L_0x56470bdd7500;
    .scope S_0x56470bdc3550;
T_0 ;
    %wait E_0x56470bdc4070;
    %load/vec4 v0x56470bdd7150_0;
    %flag_set/vec4 8;
    %jmp/0xz  T_0.0, 8;
    %pushi/vec4 14, 0, 4;
    %assign/vec4 v0x56470bdd6eb0_0, 0;
    %jmp T_0.1;
T_0.0 ;
    %load/vec4 v0x56470bdd7070_0;
    %assign/vec4 v0x56470bdd6eb0_0, 0;
T_0.1 ;
    %jmp T_0;
    .thread T_0;
    .scope S_0x56470bdc33c0;
T_1 ;
    %delay 5, 0;
    %load/vec4 v0x56470bdd7290_0;
    %inv;
    %store/vec4 v0x56470bdd7290_0, 0, 1;
    %jmp T_1;
    .thread T_1;
    .scope S_0x56470bdc33c0;
T_2 ;
    %pushi/vec4 0, 0, 1;
    %store/vec4 v0x56470bdd7290_0, 0, 1;
    %pushi/vec4 1, 0, 1;
    %store/vec4 v0x56470bdd7400_0, 0, 1;
    %delay 10, 0;
    %pushi/vec4 0, 0, 1;
    %store/vec4 v0x56470bdd7400_0, 0, 1;
    %delay 10, 0;
    %pushi/vec4 0, 0, 1;
    %store/vec4 v0x56470bdd7400_0, 0, 1;
    %delay 10, 0;
    %pushi/vec4 0, 0, 1;
    %store/vec4 v0x56470bdd7400_0, 0, 1;
    %delay 10, 0;
    %pushi/vec4 0, 0, 1;
    %store/vec4 v0x56470bdd7400_0, 0, 1;
    %delay 10, 0;
    %pushi/vec4 0, 0, 1;
    %store/vec4 v0x56470bdd7400_0, 0, 1;
    %delay 10, 0;
    %pushi/vec4 0, 0, 1;
    %store/vec4 v0x56470bdd7400_0, 0, 1;
    %delay 10, 0;
    %vpi_call 2 41 "$finish" {0 0 0};
    %end;
    .thread T_2;
    .scope S_0x56470bdc33c0;
T_3 ;
    %vpi_call 2 45 "$dumpfile", "lfsr.vcd" {0 0 0};
    %vpi_call 2 46 "$dumpvars", 32'sb00000000000000000000000000000010, S_0x56470bdc33c0 {0 0 0};
    %end;
    .thread T_3;
# The file index is used to find the file name in the following table.
:file_names 4;
    "N/A";
    "<interactive>";
    "lfsr_tb.v";
    "lfsr.v";
